<?xml version="1.0" encoding="UTF-8"?>
<!-- Generated by org.testng.reporters.JUnitXMLReporter -->
<testsuite ignored="0" hostname="Tejas_Dhakite" failures="1" tests="28" name="Test" time="198.024" errors="0" timestamp="2023-07-25T15:19:51 IST">
  <testcase classname="TestCases._6_CheckoutCompletePageTest" name="verifyCheckoutCompleteLabel1Test" time="0.067"/>
  <testcase classname="TestCases._6_CheckoutCompletePageTest" name="verifyCheckoutCompleteLabel2Test" time="0.039"/>
  <testcase classname="TestCases._6_CheckoutCompletePageTest" name="verifyCheckoutCompleteLabel3Test" time="0.036"/>
  <testcase classname="TestCases._6_CheckoutCompletePageTest" name="verifyCompletePageURLTest" time="0.022"/>
  <testcase classname="TestCases._6_CheckoutCompletePageTest" name="verifylogo" time="0.026"/>
  <testcase classname="TestCases._4_CheckoutPage1Test" name="inputCheckoutInfoTest" time="0.252"/>
  <testcase classname="TestCases._4_CheckoutPage1Test" name="verifyCheckoutPage1LabelTest" time="0.029"/>
  <testcase classname="TestCases._4_CheckoutPage1Test" name="verifyCheckoutPage1URLTest" time="0.021"/>
  <testcase classname="TestCases._5_ChechoutPage2Test" name="verifyChekoutPage2Label" time="0.019"/>
  <testcase classname="TestCases._5_ChechoutPage2Test" name="verifypaymentInfoLabel" time="0.024"/>
  <testcase classname="TestCases._5_ChechoutPage2Test" name="verifyshippingInfoLabel" time="0.021"/>
  <testcase classname="TestCases._5_ChechoutPage2Test" name="verifytotalAmountLabel" time="0.02"/>
  <testcase classname="TestCases._3_cartPageTest" name="verifyCartLabelTest" time="0.023"/>
  <testcase classname="TestCases._3_cartPageTest" name="verifyCartPageURLTest" time="0.015"/>
  <testcase classname="TestCases._1_LoginPageTest" name="verifyURLofAppTest" time="0.019"/>
  <testcase classname="TestCases._1_LoginPageTest" name="verifyTitleTest" time="0.019"/>
  <testcase classname="TestCases._1_LoginPageTest" name="verifyLoginLogoTest" time="0.027"/>
  <testcase classname="TestCases._1_LoginPageTest" name="loginToApplicationTest" time="0.9"/>
  <testcase classname="TestCases._1_LoginPageTest" name="verifyBotLogoTest" time="0.046"/>
  <testcase classname="TestCases._2_InventoryPageTest" name="add6ProductTest" time="1.601"/>
  <testcase classname="TestCases._2_InventoryPageTest" name="remove2ProductTest" time="1.014">
    <failure type="org.testng.internal.thread.ThreadTimeoutException" message="Method TestCases._2_InventoryPageTest.remove2ProductTest() didn&amp;apos;t finish within the time-out 1000">
      <![CDATA[org.testng.internal.thread.ThreadTimeoutException: Method TestCases._2_InventoryPageTest.remove2ProductTest() didn't finish within the time-out 1000
at java.base@17.0.5/jdk.internal.misc.Unsafe.park(Native Method)
at java.base@17.0.5/java.util.concurrent.locks.LockSupport.parkNanos(LockSupport.java:252)
at java.base@17.0.5/java.util.concurrent.CompletableFuture$Signaller.block(CompletableFuture.java:1866)
at java.base@17.0.5/java.util.concurrent.ForkJoinPool.unmanagedBlock(ForkJoinPool.java:3463)
at java.base@17.0.5/java.util.concurrent.ForkJoinPool.managedBlock(ForkJoinPool.java:3434)
at java.base@17.0.5/java.util.concurrent.CompletableFuture.timedGet(CompletableFuture.java:1939)
at java.base@17.0.5/java.util.concurrent.CompletableFuture.get(CompletableFuture.java:2095)
at app//org.asynchttpclient.netty.NettyResponseFuture.get(NettyResponseFuture.java:206)
at app//org.openqa.selenium.remote.http.netty.NettyHttpHandler.makeCall(NettyHttpHandler.java:59)
at app//org.openqa.selenium.remote.http.netty.NettyHttpHandler$$Lambda$311/0x00000001003ab720.execute(Unknown Source)
at app//org.openqa.selenium.remote.http.AddSeleniumUserAgent.lambda$apply$0(AddSeleniumUserAgent.java:42)
at app//org.openqa.selenium.remote.http.AddSeleniumUserAgent$$Lambda$463/0x00000001003e9090.execute(Unknown Source)
at app//org.openqa.selenium.remote.http.Filter.lambda$andFinally$1(Filter.java:56)
at app//org.openqa.selenium.remote.http.Filter$$Lambda$312/0x00000001003ab950.execute(Unknown Source)
at app//org.openqa.selenium.remote.http.netty.NettyHttpHandler.execute(NettyHttpHandler.java:49)
at app//org.openqa.selenium.remote.http.AddSeleniumUserAgent.lambda$apply$0(AddSeleniumUserAgent.java:42)
at app//org.openqa.selenium.remote.http.AddSeleniumUserAgent$$Lambda$463/0x00000001003e9090.execute(Unknown Source)
at app//org.openqa.selenium.remote.http.Filter.lambda$andFinally$1(Filter.java:56)
at app//org.openqa.selenium.remote.http.Filter$$Lambda$312/0x00000001003ab950.execute(Unknown Source)
at app//org.openqa.selenium.remote.http.netty.NettyClient.execute(NettyClient.java:99)
at app//org.openqa.selenium.remote.HttpCommandExecutor.execute(HttpCommandExecutor.java:190)
at app//org.openqa.selenium.remote.service.DriverCommandExecutor.invokeExecute(DriverCommandExecutor.java:183)
at app//org.openqa.selenium.remote.service.DriverCommandExecutor.execute(DriverCommandExecutor.java:158)
at app//org.openqa.selenium.remote.RemoteWebDriver.execute(RemoteWebDriver.java:543)
at app//org.openqa.selenium.remote.RemoteWebElement.execute(RemoteWebElement.java:257)
at app//org.openqa.selenium.remote.RemoteWebElement.click(RemoteWebElement.java:78)
at app//org.openqa.selenium.support.pagefactory.internal.LocatingElementHandler.invoke(LocatingElementHandler.java:52)
at app/jdk.proxy2/jdk.proxy2.$Proxy15.click(Unknown Source)
at app//Pages._2_InventoryPage.add6Product(_2_InventoryPage.java:84)
at app//Pages._2_InventoryPage.remove2Product(_2_InventoryPage.java:91)
at app//TestCases._2_InventoryPageTest.remove2ProductTest(_2_InventoryPageTest.java:97)
at java.base@17.0.5/java.util.concurrent.FutureTask.run(FutureTask.java:264)
at java.base@17.0.5/java.util.concurrent.ThreadPoolExecutor.runWorker(ThreadPoolExecutor.java:1136)
at java.base@17.0.5/java.util.concurrent.ThreadPoolExecutor$Worker.run(ThreadPoolExecutor.java:635)
at java.base@17.0.5/java.lang.Thread.run(Thread.java:833)
... Removed 11 stack frames]]>
    </failure>
  </testcase> <!-- remove2ProductTest -->
  <testcase classname="TestCases._2_InventoryPageTest" name="verifyFacebookLogoTest" time="0.017"/>
  <testcase classname="TestCases._2_InventoryPageTest" name="verifyFooterLabelTest" time="0.033"/>
  <testcase classname="TestCases._2_InventoryPageTest" name="verifyFooterLogoTest" time="0.022"/>
  <testcase classname="TestCases._2_InventoryPageTest" name="verifyLabelTest" time="0.031"/>
  <testcase classname="TestCases._2_InventoryPageTest" name="verifyLinkedinLogoTest" time="0.026"/>
  <testcase classname="TestCases._2_InventoryPageTest" name="verifyProductLogoTest" time="0.02"/>
  <testcase classname="TestCases._2_InventoryPageTest" name="verifyTwitterLogoTest" time="0.021"/>
</testsuite> <!-- Test -->
