<?xml version="1.0" encoding="UTF-8"?>
<!-- Generated by org.testng.reporters.JUnitXMLReporter -->
<testsuite ignored="3" hostname="Tejas_Dhakite" failures="1" tests="1" name="Default test(failed)(failed)" time="5.35" errors="0" timestamp="2023-05-25T15:03:05 IST">
  <testcase classname="TestCases.LoginPageTest" name="verifyLoginLogoTest" time="0.03">
    <failure type="java.lang.AssertionError" message="expected [false] but found [true]">
      <![CDATA[java.lang.AssertionError: expected [false] but found [true]
at TestCases.LoginPageTest.verifyLoginLogoTest(LoginPageTest.java:41)
at java.base/java.util.ArrayList.forEach(ArrayList.java:1511)
... Removed 32 stack frames]]>
    </failure>
  </testcase> <!-- verifyLoginLogoTest -->
  <testcase classname="TestCases.LoginPageTest" name="loginToApplicationTest" time="0.0">
    <ignored/>
  </testcase> <!-- loginToApplicationTest -->
  <testcase classname="TestCases.LoginPageTest" name="verifyTitleTest" time="0.0">
    <ignored/>
  </testcase> <!-- verifyTitleTest -->
  <testcase classname="TestCases.LoginPageTest" name="verifyURLofAppTest" time="0.0">
    <ignored/>
  </testcase> <!-- verifyURLofAppTest -->
</testsuite> <!-- Default test(failed)(failed) -->
